<?xml version="1.0" encoding="UTF-8"?>
<!-- Generated by org.testng.reporters.JUnitReportReporter -->
<testsuite hostname="DESKTOP-OP8JG8F" failures="0" tests="1" name="javaselenium.TestTestNG02" time="11.263" errors="0" timestamp="2022-09-06T10:09:35 EDT" skipped="0">
  <testcase classname="javaselenium.TestTestNG02" name="googleSearch" time="11.263"/>
  <system-out/>
</testsuite> <!-- javaselenium.TestTestNG02 -->
